# JRE version: Java(TM) SE Runtime Environment 18.9 (11.0.18+9) (build 11.0.18+9-LTS-195)
# Java VM: Java HotSpot(TM) 64-Bit Server VM 18.9 (11.0.18+9-LTS-195, mixed mode, tiered, compressed oops, g1 gc, windows-amd64)
Heap:
 garbage-first heap   total 487424K, used 441856K [0x0000000706600000, 0x0000000800000000)
  region size 1024K, 16 young (16384K), 3 survivors (3072K)
 Metaspace       used 37111K, capacity 38209K, committed 38524K, reserved 1083392K
  class space    used 3847K, capacity 4374K, committed 4480K, reserved 1048576K
GC Heap History (10 events):
Event: 12.261 GC heap before
{Heap before GC invocations=20 (full 0):
 garbage-first heap   total 487424K, used 431637K [0x0000000706600000, 0x0000000800000000)
  region size 1024K, 40 young (40960K), 2 survivors (2048K)
 Metaspace       used 37046K, capacity 38145K, committed 38524K, reserved 1083392K
  class space    used 3843K, capacity 4374K, committed 4480K, reserved 1048576K
}
Event: 12.265 GC heap after
{Heap after GC invocations=21 (full 0):
 garbage-first heap   total 487424K, used 356643K [0x0000000706600000, 0x0000000800000000)
  region size 1024K, 5 young (5120K), 5 survivors (5120K)
 Metaspace       used 37046K, capacity 38145K, committed 38524K, reserved 1083392K
  class space    used 3843K, capacity 4374K, committed 4480K, reserved 1048576K
}
Event: 12.887 GC heap before
{Heap before GC invocations=21 (full 0):
 garbage-first heap   total 487424K, used 405795K [0x0000000706600000, 0x0000000800000000)
  region size 1024K, 53 young (54272K), 5 survivors (5120K)
 Metaspace       used 37065K, capacity 38209K, committed 38524K, reserved 1083392K
  class space    used 3844K, capacity 4374K, committed 4480K, reserved 1048576K
}
Event: 12.901 GC heap after
{Heap after GC invocations=22 (full 0):
 garbage-first heap   total 487424K, used 338427K [0x0000000706600000, 0x0000000800000000)
  region size 1024K, 7 young (7168K), 7 survivors (7168K)
 Metaspace       used 37065K, capacity 38209K, committed 38524K, reserved 1083392K
  class space    used 3844K, capacity 4374K, committed 4480K, reserved 1048576K
}
Event: 12.925 GC heap before
{Heap before GC invocations=22 (full 0):
 garbage-first heap   total 487424K, used 392699K [0x0000000706600000, 0x0000000800000000)
  region size 1024K, 60 young (61440K), 7 survivors (7168K)
 Metaspace       used 37065K, capacity 38209K, committed 38524K, reserved 1083392K
  class space    used 3844K, capacity 4374K, committed 4480K, reserved 1048576K
}
Event: 12.940 GC heap after
{Heap after GC invocations=23 (full 0):
 garbage-first heap   total 487424K, used 392753K [0x0000000706600000, 0x0000000800000000)
  region size 1024K, 8 young (8192K), 8 survivors (8192K)
 Metaspace       used 37065K, capacity 38209K, committed 38524K, reserved 1083392K
  class space    used 3844K, capacity 4374K, committed 4480K, reserved 1048576K
}
Event: 12.945 GC heap before
{Heap before GC invocations=23 (full 0):
 garbage-first heap   total 487424K, used 411185K [0x0000000706600000, 0x0000000800000000)
  region size 1024K, 26 young (26624K), 8 survivors (8192K)
 Metaspace       used 37065K, capacity 38209K, committed 38524K, reserved 1083392K
  class space    used 3844K, capacity 4374K, committed 4480K, reserved 1048576K
}
Event: 12.952 GC heap after
{Heap after GC invocations=24 (full 0):
 garbage-first heap   total 487424K, used 413696K [0x0000000706600000, 0x0000000800000000)
  region size 1024K, 4 young (4096K), 4 survivors (4096K)
 Metaspace       used 37065K, capacity 38209K, committed 38524K, reserved 1083392K
  class space    used 3844K, capacity 4374K, committed 4480K, reserved 1048576K
}
Event: 12.962 GC heap before
{Heap before GC invocations=24 (full 0):
 garbage-first heap   total 487424K, used 433152K [0x0000000706600000, 0x0000000800000000)
  region size 1024K, 23 young (23552K), 4 survivors (4096K)
 Metaspace       used 37065K, capacity 38209K, committed 38524K, reserved 1083392K
  class space    used 3844K, capacity 4374K, committed 4480K, reserved 1048576K
}
Event: 12.967 GC heap after
{Heap after GC invocations=25 (full 0):
 garbage-first heap   total 487424K, used 435712K [0x0000000706600000, 0x0000000800000000)
  region size 1024K, 3 young (3072K), 3 survivors (3072K)
 Metaspace       used 37065K, capacity 38209K, committed 38524K, reserved 1083392K
  class space    used 3844K, capacity 4374K, committed 4480K, reserved 1048576K
}

