# JRE version: Java(TM) SE Runtime Environment 18.9 (11.0.18+9) (build 11.0.18+9-LTS-195)
# Java VM: Java HotSpot(TM) 64-Bit Server VM 18.9 (11.0.18+9-LTS-195, mixed mode, tiered, compressed oops, g1 gc, windows-amd64)
Heap:
 garbage-first heap   total 401408K, used 145645K [0x0000000706600000, 0x0000000800000000)
  region size 1024K, 57 young (58368K), 1 survivors (1024K)
 Metaspace       used 35554K, capacity 36675K, committed 36860K, reserved 1081344K
  class space    used 3569K, capacity 4090K, committed 4096K, reserved 1048576K
GC Heap History (10 events):
Event: 17.049 GC heap before
{Heap before GC invocations=37 (full 0):
 garbage-first heap   total 332800K, used 292866K [0x0000000706600000, 0x0000000800000000)
  region size 1024K, 55 young (56320K), 1 survivors (1024K)
 Metaspace       used 34436K, capacity 35477K, committed 35836K, reserved 1081344K
  class space    used 3508K, capacity 3992K, committed 4096K, reserved 1048576K
}
Event: 17.052 GC heap after
{Heap after GC invocations=38 (full 0):
 garbage-first heap   total 399360K, used 237569K [0x0000000706600000, 0x0000000800000000)
  region size 1024K, 1 young (1024K), 1 survivors (1024K)
 Metaspace       used 34436K, capacity 35477K, committed 35836K, reserved 1081344K
  class space    used 3508K, capacity 3992K, committed 4096K, reserved 1048576K
}
Event: 17.089 GC heap before
{Heap before GC invocations=39 (full 0):
 garbage-first heap   total 399360K, used 254977K [0x0000000706600000, 0x0000000800000000)
  region size 1024K, 19 young (19456K), 1 survivors (1024K)
 Metaspace       used 34436K, capacity 35477K, committed 35836K, reserved 1081344K
  class space    used 3508K, capacity 3992K, committed 4096K, reserved 1048576K
}
Event: 17.090 GC heap after
{Heap after GC invocations=40 (full 0):
 garbage-first heap   total 399360K, used 237577K [0x0000000706600000, 0x0000000800000000)
  region size 1024K, 1 young (1024K), 1 survivors (1024K)
 Metaspace       used 34436K, capacity 35477K, committed 35836K, reserved 1081344K
  class space    used 3508K, capacity 3992K, committed 4096K, reserved 1048576K
}
Event: 17.345 GC heap before
{Heap before GC invocations=41 (full 0):
 garbage-first heap   total 399360K, used 398345K [0x0000000706600000, 0x0000000800000000)
  region size 1024K, 107 young (109568K), 1 survivors (1024K)
 Metaspace       used 34436K, capacity 35477K, committed 35836K, reserved 1081344K
  class space    used 3508K, capacity 3992K, committed 4096K, reserved 1048576K
}
Event: 17.346 GC heap after
{Heap after GC invocations=42 (full 0):
 garbage-first heap   total 401408K, used 254992K [0x0000000706600000, 0x0000000800000000)
  region size 1024K, 1 young (1024K), 1 survivors (1024K)
 Metaspace       used 34436K, capacity 35477K, committed 35836K, reserved 1081344K
  class space    used 3508K, capacity 3992K, committed 4096K, reserved 1048576K
}
Event: 26.670 GC heap before
{Heap before GC invocations=42 (full 0):
 garbage-first heap   total 401408K, used 352272K [0x0000000706600000, 0x0000000800000000)
  region size 1024K, 96 young (98304K), 1 survivors (1024K)
 Metaspace       used 35416K, capacity 36537K, committed 36604K, reserved 1081344K
  class space    used 3564K, capacity 4088K, committed 4096K, reserved 1048576K
}
Event: 26.671 GC heap after
{Heap after GC invocations=43 (full 0):
 garbage-first heap   total 401408K, used 150756K [0x0000000706600000, 0x0000000800000000)
  region size 1024K, 1 young (1024K), 1 survivors (1024K)
 Metaspace       used 35416K, capacity 36537K, committed 36604K, reserved 1081344K
  class space    used 3564K, capacity 4088K, committed 4096K, reserved 1048576K
}
Event: 55.839 GC heap before
{Heap before GC invocations=44 (full 0):
 garbage-first heap   total 401408K, used 320738K [0x0000000706600000, 0x0000000800000000)
  region size 1024K, 193 young (197632K), 1 survivors (1024K)
 Metaspace       used 35479K, capacity 36605K, committed 36860K, reserved 1081344K
  class space    used 3564K, capacity 4088K, committed 4096K, reserved 1048576K
}
Event: 55.842 GC heap after
{Heap after GC invocations=45 (full 0):
 garbage-first heap   total 401408K, used 89325K [0x0000000706600000, 0x0000000800000000)
  region size 1024K, 1 young (1024K), 1 survivors (1024K)
 Metaspace       used 35479K, capacity 36605K, committed 36860K, reserved 1081344K
  class space    used 3564K, capacity 4088K, committed 4096K, reserved 1048576K
}

